<?xml version="1.0" encoding="UTF-8"?>
<!-- Generated by org.testng.reporters.JUnitReportReporter -->
<testsuite hostname="SAIDEEPU" failures="0" tests="1" name="GoogleTest" time="7.806" errors="0" timestamp="2025-08-19T17:50:09 IST" skipped="0">
  <testcase classname="GoogleTest" name="openGoogle" time="7.806"/>
</testsuite> <!-- GoogleTest -->
